<?xml version="1.0" encoding="UTF-8"?>
<!-- Generated by org.testng.reporters.JUnitXMLReporter -->
<testsuite ignored="0" hostname="MEERA" failures="0" tests="9" name="Test" time="463.358" errors="0" timestamp="2025-09-11T18:21:42 IST">
  <testcase classname="testpkg.Search_test" name="test" time="34.297"/>
  <testcase classname="testpkg.Login_or_register_test" name="test" time="103.871"/>
  <testcase classname="testpkg.Report" name="buttontextverification" time="0.036"/>
  <testcase classname="testpkg.Report" name="titleverification" time="0.024"/>
  <testcase classname="testpkg.Specials_test" name="test" time="22.54"/>
  <testcase classname="testpkg.Account_test" name="test" time="71.25"/>
  <testcase classname="testpkg.Cart_test" name="test" time="23.088"/>
  <testcase classname="testpkg.Homepage_test" name="test" time="103.126"/>
  <testcase classname="testpkg.Checkout_test" name="test" time="28.544"/>
</testsuite> <!-- Test -->
